This file contains any messages produced by compilers while
running configure, to aid debugging if configure makes a mistake.

It was created by IDL2Matlab configure 1.5, which was
generated by GNU Autoconf 2.61.  Invocation command line was

  $ ./configure 

## --------- ##
## Platform. ##
## --------- ##

hostname = cu-biot-12-10.203.175.222.int.colorado.edu
uname -m = x86_64
uname -r = 16.7.0
uname -s = Darwin
uname -v = Darwin Kernel Version 16.7.0: Thu Jun 21 20:07:39 PDT 2018; root:xnu-3789.73.14~1/RELEASE_X86_64

/usr/bin/uname -p = i386
/bin/uname -X     = unknown

/bin/arch              = unknown
/usr/bin/arch -k       = unknown
/usr/convex/getsysinfo = unknown
/usr/bin/hostinfo      = Mach kernel version:
	 Darwin Kernel Version 16.7.0: Thu Jun 21 20:07:39 PDT 2018; root:xnu-3789.73.14~1/RELEASE_X86_64
Kernel configured for up to 4 processors.
2 processors are physically available.
4 processors are logically available.
Processor type: x86_64h (Intel x86-64h Haswell)
Processors active: 0 1 2 3
Primary memory available: 8.00 gigabytes
Default processor set: 285 tasks, 1114 threads, 4 processors
Load average: 2.31, Mach factor: 1.86
/bin/machine           = unknown
/usr/bin/oslevel       = unknown
/bin/universe          = unknown

PATH: /Users/hannahholt/anaconda/bin
PATH: /usr/local/bin
PATH: /usr/bin
PATH: /bin
PATH: /usr/sbin
PATH: /sbin
PATH: /Library/TeX/texbin


## ----------- ##
## Core tests. ##
## ----------- ##

configure:1738: checking for gcc
configure:1754: found /usr/bin/gcc
configure:1765: result: gcc
configure:2003: checking for C compiler version
configure:2010: gcc --version >&5
Configured with: --prefix=/Library/Developer/CommandLineTools/usr --with-gxx-include-dir=/usr/include/c++/4.2.1
Apple LLVM version 9.0.0 (clang-900.0.39.2)
Target: x86_64-apple-darwin16.7.0
Thread model: posix
InstalledDir: /Library/Developer/CommandLineTools/usr/bin
configure:2013: $? = 0
configure:2020: gcc -v >&5
Configured with: --prefix=/Library/Developer/CommandLineTools/usr --with-gxx-include-dir=/usr/include/c++/4.2.1
Apple LLVM version 9.0.0 (clang-900.0.39.2)
Target: x86_64-apple-darwin16.7.0
Thread model: posix
InstalledDir: /Library/Developer/CommandLineTools/usr/bin
configure:2023: $? = 0
configure:2030: gcc -V >&5
clang: error: argument to '-V' is missing (expected 1 value)
clang: error: no input files
configure:2033: $? = 1
configure:2056: checking for C compiler default output file name
configure:2083: gcc    conftest.c  >&5
configure:2086: $? = 0
configure:2124: result: a.out
configure:2141: checking whether the C compiler works
configure:2151: ./a.out
configure:2154: $? = 0
configure:2171: result: yes
configure:2178: checking whether we are cross compiling
configure:2180: result: no
configure:2183: checking for suffix of executables
configure:2190: gcc -o conftest    conftest.c  >&5
configure:2193: $? = 0
configure:2217: result: 
configure:2223: checking for suffix of object files
configure:2249: gcc -c   conftest.c >&5
configure:2252: $? = 0
configure:2275: result: o
configure:2279: checking whether we are using the GNU C compiler
configure:2308: gcc -c   conftest.c >&5
configure:2314: $? = 0
configure:2331: result: yes
configure:2336: checking whether gcc accepts -g
configure:2366: gcc -c -g  conftest.c >&5
configure:2372: $? = 0
configure:2471: result: yes
configure:2488: checking for gcc option to accept ISO C89
configure:2562: gcc  -c -g -O2  conftest.c >&5
configure:2568: $? = 0
configure:2591: result: none needed
configure:2653: checking for a BSD-compatible install
configure:2709: result: /usr/bin/install -c
configure:2726: checking how to run the C preprocessor
configure:2766: gcc -E  conftest.c
configure:2772: $? = 0
configure:2803: gcc -E  conftest.c
conftest.c:8:10: fatal error: 'ac_nonexistent.h' file not found
#include <ac_nonexistent.h>
         ^~~~~~~~~~~~~~~~~~
1 error generated.
configure:2809: $? = 1
configure: failed program was:
| /* confdefs.h.  */
| #define PACKAGE_NAME "IDL2Matlab"
| #define PACKAGE_TARNAME "idl2matlab"
| #define PACKAGE_VERSION "1.5"
| #define PACKAGE_STRING "IDL2Matlab 1.5"
| #define PACKAGE_BUGREPORT "www.ill.fr"
| /* end confdefs.h.  */
| #include <ac_nonexistent.h>
configure:2842: result: gcc -E
configure:2871: gcc -E  conftest.c
configure:2877: $? = 0
configure:2908: gcc -E  conftest.c
conftest.c:8:10: fatal error: 'ac_nonexistent.h' file not found
#include <ac_nonexistent.h>
         ^~~~~~~~~~~~~~~~~~
1 error generated.
configure:2914: $? = 1
configure: failed program was:
| /* confdefs.h.  */
| #define PACKAGE_NAME "IDL2Matlab"
| #define PACKAGE_TARNAME "idl2matlab"
| #define PACKAGE_VERSION "1.5"
| #define PACKAGE_STRING "IDL2Matlab 1.5"
| #define PACKAGE_BUGREPORT "www.ill.fr"
| /* end confdefs.h.  */
| #include <ac_nonexistent.h>
configure:2952: checking for grep that handles long lines and -e
configure:3026: result: /usr/bin/grep
configure:3031: checking for egrep
configure:3109: result: /usr/bin/grep -E
configure:3114: checking for ANSI C header files
configure:3144: gcc -c -g -O2  conftest.c >&5
configure:3150: $? = 0
configure:3249: gcc -o conftest -g -O2   conftest.c  >&5
configure:3252: $? = 0
configure:3258: ./conftest
configure:3261: $? = 0
configure:3278: result: yes
configure:3302: checking for sys/types.h
configure:3323: gcc -c -g -O2  conftest.c >&5
configure:3329: $? = 0
configure:3345: result: yes
configure:3302: checking for sys/stat.h
configure:3323: gcc -c -g -O2  conftest.c >&5
configure:3329: $? = 0
configure:3345: result: yes
configure:3302: checking for stdlib.h
configure:3323: gcc -c -g -O2  conftest.c >&5
configure:3329: $? = 0
configure:3345: result: yes
configure:3302: checking for string.h
configure:3323: gcc -c -g -O2  conftest.c >&5
configure:3329: $? = 0
configure:3345: result: yes
configure:3302: checking for memory.h
configure:3323: gcc -c -g -O2  conftest.c >&5
configure:3329: $? = 0
configure:3345: result: yes
configure:3302: checking for strings.h
configure:3323: gcc -c -g -O2  conftest.c >&5
configure:3329: $? = 0
configure:3345: result: yes
configure:3302: checking for inttypes.h
configure:3323: gcc -c -g -O2  conftest.c >&5
configure:3329: $? = 0
configure:3345: result: yes
configure:3302: checking for stdint.h
configure:3323: gcc -c -g -O2  conftest.c >&5
configure:3329: $? = 0
configure:3345: result: yes
configure:3302: checking for unistd.h
configure:3323: gcc -c -g -O2  conftest.c >&5
configure:3329: $? = 0
configure:3345: result: yes
configure:3362: checking for stdlib.h
configure:3368: result: yes
configure:3502: checking for GNU libc compatible malloc
configure:3536: gcc -o conftest -g -O2   conftest.c  >&5
configure:3539: $? = 0
configure:3545: ./conftest
configure:3548: $? = 0
configure:3564: result: yes
configure:3597: checking for stdlib.h
configure:3603: result: yes
configure:3737: checking for GNU libc compatible realloc
configure:3771: gcc -o conftest -g -O2   conftest.c  >&5
configure:3774: $? = 0
configure:3780: ./conftest
configure:3783: $? = 0
configure:3799: result: yes
configure:3831: checking for scilab
configure:3864: result: no
configure:3831: checking for runscilab
configure:3864: result: no
configure:3831: checking for /usr/local/bin/scilab
configure:3864: result: no
configure:3831: checking for /usr/lib/scilab/bin/scilab
configure:3864: result: no
configure:3831: checking for /lib/scilab/bin/scilab
configure:3864: result: no
configure:3831: checking for scilex
configure:3864: result: no
configure:3877: checking for matlab
configure:3910: result: no
configure:3877: checking for /usr/local/bin/matlab
configure:3910: result: no
configure:3923: checking for make
configure:3941: found /usr/bin/make
configure:3953: result: /usr/bin/make
configure:4098: creating ./config.status

## ---------------------- ##
## Running config.status. ##
## ---------------------- ##

This file was extended by IDL2Matlab config.status 1.5, which was
generated by GNU Autoconf 2.61.  Invocation command line was

  CONFIG_FILES    = 
  CONFIG_HEADERS  = 
  CONFIG_LINKS    = 
  CONFIG_COMMANDS = 
  $ ./config.status 

on cu-biot-12-10.203.175.222.int.colorado.edu

config.status:581: creating Makefile
config.status:716: WARNING:  Makefile.in seems to ignore the --datarootdir setting

## ---------------- ##
## Cache variables. ##
## ---------------- ##

ac_cv_c_compiler_gnu=yes
ac_cv_env_CC_set=
ac_cv_env_CC_value=
ac_cv_env_CFLAGS_set=
ac_cv_env_CFLAGS_value=
ac_cv_env_CPPFLAGS_set=
ac_cv_env_CPPFLAGS_value=
ac_cv_env_CPP_set=
ac_cv_env_CPP_value=
ac_cv_env_LDFLAGS_set=
ac_cv_env_LDFLAGS_value=
ac_cv_env_LIBS_set=
ac_cv_env_LIBS_value=
ac_cv_env_build_alias_set=
ac_cv_env_build_alias_value=
ac_cv_env_host_alias_set=
ac_cv_env_host_alias_value=
ac_cv_env_target_alias_set=
ac_cv_env_target_alias_value=
ac_cv_func_malloc_0_nonnull=yes
ac_cv_func_realloc_0_nonnull=yes
ac_cv_header_inttypes_h=yes
ac_cv_header_memory_h=yes
ac_cv_header_stdc=yes
ac_cv_header_stdint_h=yes
ac_cv_header_stdlib_h=yes
ac_cv_header_string_h=yes
ac_cv_header_strings_h=yes
ac_cv_header_sys_stat_h=yes
ac_cv_header_sys_types_h=yes
ac_cv_header_unistd_h=yes
ac_cv_objext=o
ac_cv_path_EGREP='/usr/bin/grep -E'
ac_cv_path_GREP=/usr/bin/grep
ac_cv_path_MAKE=/usr/bin/make
ac_cv_path_install='/usr/bin/install -c'
ac_cv_prog_CPP='gcc -E'
ac_cv_prog_ac_ct_CC=gcc
ac_cv_prog_cc_c89=
ac_cv_prog_cc_g=yes

## ----------------- ##
## Output variables. ##
## ----------------- ##

CC='gcc'
CFLAGS='-g -O2'
CPP='gcc -E'
CPPFLAGS=''
DEFS='-DPACKAGE_NAME=\"IDL2Matlab\" -DPACKAGE_TARNAME=\"idl2matlab\" -DPACKAGE_VERSION=\"1.5\" -DPACKAGE_STRING=\"IDL2Matlab\ 1.5\" -DPACKAGE_BUGREPORT=\"www.ill.fr\" -DSTDC_HEADERS=1 -DHAVE_SYS_TYPES_H=1 -DHAVE_SYS_STAT_H=1 -DHAVE_STDLIB_H=1 -DHAVE_STRING_H=1 -DHAVE_MEMORY_H=1 -DHAVE_STRINGS_H=1 -DHAVE_INTTYPES_H=1 -DHAVE_STDINT_H=1 -DHAVE_UNISTD_H=1 -DHAVE_STDLIB_H=1 -DHAVE_MALLOC=1 -DHAVE_STDLIB_H=1 -DHAVE_REALLOC=1'
ECHO_C='ECHO_N=''
ECHO_T=''
EGREP='/usr/bin/grep -E'
EXEEXT=''
GREP='/usr/bin/grep'
INSTALL_DATA='${INSTALL} -m 644'
INSTALL_PROGRAM='${INSTALL}'
INSTALL_SCRIPT='${INSTALL}'
LDFLAGS=''
LIBOBJS=''
LIBS=''
LTLIBOBJS=''
MAKE='/usr/bin/make'
MATLAB='no'
OBJEXT='o'
PACKAGE_BUGREPORT='www.ill.fr'
PACKAGE_NAME='IDL2Matlab'
PACKAGE_STRING='IDL2Matlab 1.5'
PACKAGE_TARNAME='idl2matlab'
PACKAGE_VERSION='1.5'
PATH_SEPARATOR=':'
SCILAB='no'
SHELL='/bin/sh'
ac_ct_CC='gcc'
bindir='${exec_prefix}/bin'
build_alias=''
datadir='${datarootdir}'
datarootdir='${prefix}/share'
docdir='${datarootdir}/doc/${PACKAGE_TARNAME}'
dvidir='${docdir}'
exec_prefix='${prefix}'
host_alias=''
htmldir='${docdir}'
includedir='${prefix}/include'
infodir='${datarootdir}/info'
libdir='${exec_prefix}/lib'
libexecdir='${exec_prefix}/libexec'
localedir='${datarootdir}/locale'
localstatedir='${prefix}/var'
mandir='${datarootdir}/man'
oldincludedir='/usr/include'
pdfdir='${docdir}'
prefix='/usr/local'
program_transform_name='s,x,x,'
psdir='${docdir}'
sbindir='${exec_prefix}/sbin'
sharedstatedir='${prefix}/com'
sysconfdir='${prefix}/etc'
target_alias=''

## ----------- ##
## confdefs.h. ##
## ----------- ##

#define PACKAGE_NAME "IDL2Matlab"
#define PACKAGE_TARNAME "idl2matlab"
#define PACKAGE_VERSION "1.5"
#define PACKAGE_STRING "IDL2Matlab 1.5"
#define PACKAGE_BUGREPORT "www.ill.fr"
#define STDC_HEADERS 1
#define HAVE_SYS_TYPES_H 1
#define HAVE_SYS_STAT_H 1
#define HAVE_STDLIB_H 1
#define HAVE_STRING_H 1
#define HAVE_MEMORY_H 1
#define HAVE_STRINGS_H 1
#define HAVE_INTTYPES_H 1
#define HAVE_STDINT_H 1
#define HAVE_UNISTD_H 1
#define HAVE_STDLIB_H 1
#define HAVE_MALLOC 1
#define HAVE_STDLIB_H 1
#define HAVE_REALLOC 1

configure: exit 0
